<?xml version="1.0" encoding="UTF-8"?>
<!-- Generated by org.testng.reporters.JUnitXMLReporter -->
<testsuite ignored="0" hostname="DESKTOP-HHI39E0" failures="0" tests="3" name="Default test" time="66.327" errors="0" timestamp="2020-03-03T08:30:28 IST">
  <testcase classname="tests.companies.CreateCompanies" name="testMetho1" time="0.011"/>
  <testcase classname="tests.companies.CreateCompanies" name="testMethod" time="64.073"/>
  <testcase classname="tests.companies.CreateCompanies" name="testMethod2" time="0.005"/>
</testsuite> <!-- Default test -->
